Vivado Simulator v2025.1.0
Copyright 1986-2022 Xilinx, Inc. All Rights Reserved.
Copyright 2022-2025 Advanced Micro Devices, Inc. All Rights Reserved.
Running: C:/2025.1/Vivado/bin/unwrapped/win64.o/xelab.exe --incr --debug typical --relax --mt 2 --maxdelay -L xil_defaultlib -L simprims_ver -L secureip --snapshot testbench_pmod_ssd_time_impl -transport_int_delays -pulse_r 0 -pulse_int_r 0 -pulse_e 0 -pulse_int_e 0 xil_defaultlib.testbench_pmod_ssd xil_defaultlib.glbl -log elaborate.log 
Using 2 slave threads.
Starting static elaboration
Pass Through NonSizing Optimizer
Completed static elaboration
Starting simulation data flow analysis
Completed simulation data flow analysis
INFO: [XSIM 43-3451] SDF backannotation process started with SDF file "testbench_pmod_ssd_time_impl.sdf", for root module "testbench_pmod_ssd/dut".
INFO: [XSIM 43-3452] SDF backannotation was successful for SDF file "testbench_pmod_ssd_time_impl.sdf", for root module "testbench_pmod_ssd/dut".
Time Resolution for simulation is 1ps
Compiling module simprims_ver.LUT4
Compiling module simprims_ver.FDCE_default
Compiling module simprims_ver.IBUF
Compiling module simprims_ver.OBUF
Compiling module simprims_ver.LUT6
Compiling module simprims_ver.LUT5
Compiling module simprims_ver.x_lut3_mux8
Compiling module simprims_ver.LUT3(INIT=8'b11101010)
Compiling module simprims_ver.FDPE_default
Compiling module simprims_ver.BUFG
Compiling module simprims_ver.x_lut2_mux4
Compiling module simprims_ver.LUT2
Compiling module simprims_ver.x_lut1_mux2
Compiling module simprims_ver.LUT1(INIT=2'b01)
Compiling module simprims_ver.CARRY4
Compiling module xil_defaultlib.pmod_ssd
Compiling module xil_defaultlib.testbench_pmod_ssd
Compiling module xil_defaultlib.glbl
Built simulation snapshot testbench_pmod_ssd_time_impl
